d:\code\planegame\myplanegame\planegame\x64\debug\vc141.pdb
d:\code\planegame\myplanegame\planegame\x64\debug\qrc_planegame.obj
d:\code\planegame\myplanegame\planegame\x64\debug\heroplane.obj
d:\code\planegame\myplanegame\planegame\x64\debug\bomb.obj
d:\code\planegame\myplanegame\planegame\x64\debug\planegame.obj
d:\code\planegame\myplanegame\planegame\x64\debug\bullet.obj
d:\code\planegame\myplanegame\planegame\x64\debug\main.obj
d:\code\planegame\myplanegame\planegame\x64\debug\map.obj
d:\code\planegame\myplanegame\planegame\x64\debug\enemyplane.obj
d:\code\planegame\myplanegame\planegame\x64\debug\moc_planegame.obj
d:\code\planegame\myplanegame\planegame\x64\debug\moc\moc_planegame.cpp
d:\code\planegame\myplanegame\planegame\x64\debug\uic\ui_planegame.h
d:\code\planegame\myplanegame\planegame\x64\debug\rcc\qrc_planegame.cpp
d:\code\planegame\myplanegame\planegame\x64\debug\planegame.tlog\cl.command.1.tlog
d:\code\planegame\myplanegame\planegame\x64\debug\planegame.tlog\cl.read.1.tlog
d:\code\planegame\myplanegame\planegame\x64\debug\planegame.tlog\cl.write.1.tlog
d:\code\planegame\myplanegame\planegame\x64\debug\planegame.tlog\link.command.1.tlog
d:\code\planegame\myplanegame\planegame\x64\debug\planegame.tlog\link.read.1.tlog
d:\code\planegame\myplanegame\planegame\x64\debug\planegame.tlog\link.write.1.tlog
d:\code\planegame\myplanegame\planegame\x64\debug\planegame.tlog\moc.read.1u.tlog
d:\code\planegame\myplanegame\planegame\x64\debug\planegame.tlog\moc.write.1u.tlog
d:\code\planegame\myplanegame\planegame\x64\debug\planegame.tlog\planegame.write.1u.tlog
d:\code\planegame\myplanegame\planegame\x64\debug\planegame.tlog\rcc.read.1u.tlog
d:\code\planegame\myplanegame\planegame\x64\debug\planegame.tlog\rcc.write.1u.tlog
d:\code\planegame\myplanegame\planegame\x64\debug\planegame.tlog\uic.read.1u.tlog
d:\code\planegame\myplanegame\planegame\x64\debug\planegame.tlog\uic.write.1u.tlog
